Using pre-set license
Built from '2022.3/release' branch; Version is '2022.3.12f1 (4fe6e059c7ef) revision 5236448'; Using compiler version '192829333'; Build Type 'Release'
OS: 'Windows 10  (10.0.19045) 64bit Professional' Language: 'ru' Physical Memory: 7917 MB
BatchMode: 1, IsHumanControllingUs: 0, StartBugReporterOnCrash: 0, Is64bit: 1, IsPro: 1

COMMAND LINE ARGUMENTS:
D:\Unity\Editor\2022.3.12f1\Editor\Unity.exe
-adb2
-batchMode
-noUpm
-name
AssetImportWorker0
-projectPath
D:/GitRepositories/RivalRush/RivalRushProject
-logFile
Logs/AssetImportWorker0.log
-srvPort
54654
Successfully changed project path to: D:/GitRepositories/RivalRush/RivalRushProject
D:/GitRepositories/RivalRush/RivalRushProject
[UnityMemory] Configuration Parameters - Can be set up in boot.config
    "memorysetup-bucket-allocator-granularity=16"
    "memorysetup-bucket-allocator-bucket-count=8"
    "memorysetup-bucket-allocator-block-size=33554432"
    "memorysetup-bucket-allocator-block-count=8"
    "memorysetup-main-allocator-block-size=16777216"
    "memorysetup-thread-allocator-block-size=16777216"
    "memorysetup-gfx-main-allocator-block-size=16777216"
    "memorysetup-gfx-thread-allocator-block-size=16777216"
    "memorysetup-cache-allocator-block-size=4194304"
    "memorysetup-typetree-allocator-block-size=2097152"
    "memorysetup-profiler-bucket-allocator-granularity=16"
    "memorysetup-profiler-bucket-allocator-bucket-count=8"
    "memorysetup-profiler-bucket-allocator-block-size=33554432"
    "memorysetup-profiler-bucket-allocator-block-count=8"
    "memorysetup-profiler-allocator-block-size=16777216"
    "memorysetup-profiler-editor-allocator-block-size=1048576"
    "memorysetup-temp-allocator-size-main=16777216"
    "memorysetup-job-temp-allocator-block-size=2097152"
    "memorysetup-job-temp-allocator-block-size-background=1048576"
    "memorysetup-job-temp-allocator-reduction-small-platforms=262144"
    "memorysetup-allocator-temp-initial-block-size-main=262144"
    "memorysetup-allocator-temp-initial-block-size-worker=262144"
    "memorysetup-temp-allocator-size-background-worker=32768"
    "memorysetup-temp-allocator-size-job-worker=262144"
    "memorysetup-temp-allocator-size-preload-manager=33554432"
    "memorysetup-temp-allocator-size-nav-mesh-worker=65536"
    "memorysetup-temp-allocator-size-audio-worker=65536"
    "memorysetup-temp-allocator-size-cloud-worker=32768"
    "memorysetup-temp-allocator-size-gi-baking-worker=262144"
    "memorysetup-temp-allocator-size-gfx=262144"
Player connection [2352] Host "[IP] 192.168.31.42 [Port] 0 [Flags] 2 [Guid] 1666613227 [EditorId] 1666613227 [Version] 1048832 [Id] WindowsEditor(7,DESKTOP-O4RK8N4) [Debug] 1 [PackageName] WindowsEditor [ProjectName] Editor" joined multi-casting on [225.0.0.222:54997]...

Player connection [2352] Host "[IP] 192.168.31.42 [Port] 0 [Flags] 2 [Guid] 1666613227 [EditorId] 1666613227 [Version] 1048832 [Id] WindowsEditor(7,DESKTOP-O4RK8N4) [Debug] 1 [PackageName] WindowsEditor [ProjectName] Editor" joined alternative multi-casting on [225.0.0.222:34997]...

[Physics::Module] Initialized MultithreadedJobDispatcher with 3 workers.
Refreshing native plugins compatible for Editor in 12.50 ms, found 4 plugins.
Preloading 0 native plugins for Editor in 0.00 ms.
Initialize engine version: 2022.3.12f1 (4fe6e059c7ef)
[Subsystems] Discovering subsystems at path D:/Unity/Editor/2022.3.12f1/Editor/Data/Resources/UnitySubsystems
[Subsystems] Discovering subsystems at path D:/GitRepositories/RivalRush/RivalRushProject/Assets
GfxDevice: creating device client; threaded=0; jobified=0
Direct3D:
    Version:  Direct3D 11.0 [level 11.1]
    Renderer: NVIDIA GeForce GTX 1660 SUPER (ID=0x21c4)
    Vendor:   NVIDIA
    VRAM:     5966 MB
    Driver:   32.0.15.5585
Initialize mono
Mono path[0] = 'D:/Unity/Editor/2022.3.12f1/Editor/Data/Managed'
Mono path[1] = 'D:/Unity/Editor/2022.3.12f1/Editor/Data/MonoBleedingEdge/lib/mono/unityjit-win32'
Mono config path = 'D:/Unity/Editor/2022.3.12f1/Editor/Data/MonoBleedingEdge/etc'
Using monoOptions --debugger-agent=transport=dt_socket,embedding=1,server=y,suspend=n,address=127.0.0.1:56808
Begin MonoManager ReloadAssembly
Registering precompiled unity dll's ...
Register platform support module: D:/Unity/Editor/2022.3.12f1/Editor/Data/PlaybackEngines/WebGLSupport/UnityEditor.WebGL.Extensions.dll
Register platform support module: D:/Unity/Editor/2022.3.12f1/Editor/Data/PlaybackEngines/WindowsStandaloneSupport/UnityEditor.WindowsStandalone.Extensions.dll
Registered in 0.006317 seconds.
- Loaded All Assemblies, in  0.509 seconds
Native extension for WindowsStandalone target not found
Native extension for WebGL target not found
Mono: successfully reloaded assembly
- Finished resetting the current domain, in  0.405 seconds
Domain Reload Profiling: 914ms
	BeginReloadAssembly (143ms)
		ExecutionOrderSort (0ms)
		DisableScriptedObjects (0ms)
		BackupInstance (0ms)
		ReleaseScriptingObjects (0ms)
		CreateAndSetChildDomain (1ms)
	RebuildCommonClasses (53ms)
	RebuildNativeTypeToScriptingClass (18ms)
	initialDomainReloadingComplete (76ms)
	LoadAllAssembliesAndSetupDomain (218ms)
		LoadAssemblies (142ms)
		RebuildTransferFunctionScriptingTraits (0ms)
		AnalyzeDomain (216ms)
			TypeCache.Refresh (214ms)
				TypeCache.ScanAssembly (196ms)
			ScanForSourceGeneratedMonoScriptInfo (0ms)
			ResolveRequiredComponents (1ms)
	FinalizeReload (406ms)
		ReleaseScriptCaches (0ms)
		RebuildScriptCaches (0ms)
		SetupLoadedEditorAssemblies (312ms)
			LogAssemblyErrors (0ms)
			InitializePlatformSupportModulesInManaged (14ms)
			SetLoadedEditorAssemblies (7ms)
			RefreshPlugins (0ms)
			BeforeProcessingInitializeOnLoad (3ms)
			ProcessInitializeOnLoadAttributes (212ms)
			ProcessInitializeOnLoadMethodAttributes (76ms)
			AfterProcessingInitializeOnLoad (0ms)
			EditorAssembliesLoaded (0ms)
		ExecutionOrderSort2 (0ms)
		AwakeInstancesAfterBackupRestoration (0ms)
========================================================================
Worker process is ready to serve import requests
Begin MonoManager ReloadAssembly
- Loaded All Assemblies, in  0.972 seconds
Refreshing native plugins compatible for Editor in 4.80 ms, found 4 plugins.
Native extension for WindowsStandalone target not found
Native extension for WebGL target not found
Package Manager log level set to [2]
[Package Manager] Server::EnsureServerProcessIsRunning -- launch failed, reason: Unity was launched with the -noUpm command-line argument
[Package Manager] UpmClient::Send -- Unable to send message (not connected to UPM process).
[Package Manager] Cannot connect to Unity Package Manager local server
Mono: successfully reloaded assembly
- Finished resetting the current domain, in  0.965 seconds
Domain Reload Profiling: 1936ms
	BeginReloadAssembly (229ms)
		ExecutionOrderSort (0ms)
		DisableScriptedObjects (10ms)
		BackupInstance (0ms)
		ReleaseScriptingObjects (0ms)
		CreateAndSetChildDomain (43ms)
	RebuildCommonClasses (55ms)
	RebuildNativeTypeToScriptingClass (17ms)
	initialDomainReloadingComplete (64ms)
	LoadAllAssembliesAndSetupDomain (606ms)
		LoadAssemblies (430ms)
		RebuildTransferFunctionScriptingTraits (0ms)
		AnalyzeDomain (295ms)
			TypeCache.Refresh (249ms)
				TypeCache.ScanAssembly (227ms)
			ScanForSourceGeneratedMonoScriptInfo (36ms)
			ResolveRequiredComponents (10ms)
	FinalizeReload (965ms)
		ReleaseScriptCaches (0ms)
		RebuildScriptCaches (0ms)
		SetupLoadedEditorAssemblies (703ms)
			LogAssemblyErrors (0ms)
			InitializePlatformSupportModulesInManaged (9ms)
			SetLoadedEditorAssemblies (6ms)
			RefreshPlugins (0ms)
			BeforeProcessingInitializeOnLoad (102ms)
			ProcessInitializeOnLoadAttributes (521ms)
			ProcessInitializeOnLoadMethodAttributes (61ms)
			AfterProcessingInitializeOnLoad (4ms)
			EditorAssembliesLoaded (0ms)
		ExecutionOrderSort2 (0ms)
		AwakeInstancesAfterBackupRestoration (9ms)
Launched and connected shader compiler UnityShaderCompiler.exe after 0.04 seconds
Refreshing native plugins compatible for Editor in 5.29 ms, found 4 plugins.
Preloading 0 native plugins for Editor in 0.00 ms.
Unloading 4182 Unused Serialized files (Serialized files now loaded: 0)
Unloading 71 unused Assets / (64.2 KB). Loaded Objects now: 4639.
Memory consumption went from 149.8 MB to 149.7 MB.
Total: 4.773800 ms (FindLiveObjects: 0.362100 ms CreateObjectMapping: 0.200700 ms MarkObjects: 4.028600 ms  DeleteObjects: 0.180800 ms)

AssetImportParameters requested are different than current active one (requested -> active):
  custom:container-demuxer-ogg: 62fdf1f143b41e24485cea50d1cbac27 -> 
  custom:video-decoder-ogg-theora: a1e56fd34408186e4bbccfd4996cb3dc -> 
  custom:framework-win-MediaFoundation: 216162199b28c13a410421893ffa2e32 -> 
  custom:CustomObjectIndexerAttribute: 756ad292c208cfabdd7b50bc23989ffe -> 
  custom:container-demuxer-webm: 4f35f7cbe854078d1ac9338744f61a02 -> 
  custom:container-muxer-webm: aa71ff27fc2769a1b78a27578f13a17b -> 
  custom:video-decoder-webm-vp8: 9c59270c3fd7afecdb556c50c9e8de78 -> 
  custom:SearchIndexIgnoredProperties: e643bd26f0fe6173181afceb89e7c659 -> 
  custom:AudioImporter_EditorPlatform: d09bf68614088b80899f8185d706f6e7 -> 
  custom:video-encoder-webm-vp8: eb34c28f22e8b96e1ab97ce403110664 -> 
  custom:audio-decoder-ogg-vorbis: bf7c407c2cedff20999df2af8eb42d56 -> 
  custom:audio-encoder-webm-vorbis: bf7c407c2cedff20999df2af8eb42d56 -> 
========================================================================
Received Import Request.
  Time since last request: 915.813199 seconds.
  path: Assets/craftpix-net-965049-free-industrial-zone-tileset-pixel-art/3 Objects/Fire-extinguisher1.png
  artifactKey: Guid(9ec24fc3502b19243a2d568c0190dbd1) Importer(815301076,1909f56bfc062723c751e8b465ee728b)
Start importing Assets/craftpix-net-965049-free-industrial-zone-tileset-pixel-art/3 Objects/Fire-extinguisher1.png using Guid(9ec24fc3502b19243a2d568c0190dbd1) Importer(815301076,1909f56bfc062723c751e8b465ee728b)  -> (artifact id: '8b5d99c083f780a69d7914cb19e5ad63') in 0.221246 seconds
Number of updated asset objects reloaded before import = 0
Number of asset objects unloaded after import = 3
========================================================================
Received Import Request.
  Time since last request: 0.000035 seconds.
  path: Assets/craftpix-net-965049-free-industrial-zone-tileset-pixel-art/3 Objects/Fire-extinguisher2.png
  artifactKey: Guid(47f334a54ba39b54193a4a98e800cf18) Importer(815301076,1909f56bfc062723c751e8b465ee728b)
Start importing Assets/craftpix-net-965049-free-industrial-zone-tileset-pixel-art/3 Objects/Fire-extinguisher2.png using Guid(47f334a54ba39b54193a4a98e800cf18) Importer(815301076,1909f56bfc062723c751e8b465ee728b)  -> (artifact id: 'c8a3f4e6aa3732eb103315e0a1c9c535') in 0.046638 seconds
Number of updated asset objects reloaded before import = 0
Number of asset objects unloaded after import = 3
========================================================================
Received Import Request.
  Time since last request: 25.001865 seconds.
  path: Assets/craftpix-net-965049-free-industrial-zone-tileset-pixel-art/3 Objects/Barrel4.png
  artifactKey: Guid(1eb1f105c4a2b704384d3e24338f5eab) Importer(815301076,1909f56bfc062723c751e8b465ee728b)
Start importing Assets/craftpix-net-965049-free-industrial-zone-tileset-pixel-art/3 Objects/Barrel4.png using Guid(1eb1f105c4a2b704384d3e24338f5eab) Importer(815301076,1909f56bfc062723c751e8b465ee728b)  -> (artifact id: 'ec9d5a956fb86f3aed4b5b7440b5ceef') in 0.015085 seconds
Number of updated asset objects reloaded before import = 0
Number of asset objects unloaded after import = 3
========================================================================
Received Import Request.
  Time since last request: 102.011698 seconds.
  path: Assets/craftpix-net-965049-free-industrial-zone-tileset-pixel-art/3 Objects/Materials
  artifactKey: Guid(5f8d52d9f0a1e5e4fbd3270bd1f88566) Importer(815301076,1909f56bfc062723c751e8b465ee728b)
Start importing Assets/craftpix-net-965049-free-industrial-zone-tileset-pixel-art/3 Objects/Materials using Guid(5f8d52d9f0a1e5e4fbd3270bd1f88566) Importer(815301076,1909f56bfc062723c751e8b465ee728b)  -> (artifact id: '951c4be6be2721063d516de7a6ea020a') in 0.000736 seconds
Number of updated asset objects reloaded before import = 0
Number of asset objects unloaded after import = 0
========================================================================
Received Import Request.
  Time since last request: 13.846849 seconds.
  path: Packages/com.unity.2d.spriteshape/Editor/ObjectMenuCreation/DefaultAssets/Sprite Shapes/Closed Sprite Shape.prefab
  artifactKey: Guid(c0583b4e855c74b8c82e7b9b5efb5ce9) Importer(815301076,1909f56bfc062723c751e8b465ee728b)
Start importing Packages/com.unity.2d.spriteshape/Editor/ObjectMenuCreation/DefaultAssets/Sprite Shapes/Closed Sprite Shape.prefab using Guid(c0583b4e855c74b8c82e7b9b5efb5ce9) Importer(815301076,1909f56bfc062723c751e8b465ee728b)  -> (artifact id: '9ca9eebbc1cb022f869fa81fb3b6d6c9') in 0.335525 seconds
Number of updated asset objects reloaded before import = 0
Number of asset objects unloaded after import = 14
========================================================================
Received Import Request.
  Time since last request: 0.000024 seconds.
  path: Assets/TextMesh Pro/Examples & Extras/Prefabs/TextMeshPro - Prefab 2.prefab
  artifactKey: Guid(fdad9d952ae84cafb74c63f2e694d042) Importer(815301076,1909f56bfc062723c751e8b465ee728b)
Start importing Assets/TextMesh Pro/Examples & Extras/Prefabs/TextMeshPro - Prefab 2.prefab using Guid(fdad9d952ae84cafb74c63f2e694d042) Importer(815301076,1909f56bfc062723c751e8b465ee728b)  -> (artifact id: 'd1c0a25ebdc07b8e9cdefa63198ba95f') in 0.215918 seconds
Number of updated asset objects reloaded before import = 0
Number of asset objects unloaded after import = 16
========================================================================
Received Import Request.
  Time since last request: 0.000027 seconds.
  path: Packages/com.unity.2d.spriteshape/Editor/ObjectMenuCreation/DefaultAssets/Sprite Shapes/Open Sprite Shape.prefab
  artifactKey: Guid(86ae7de409eb54f619fb1328e4d42480) Importer(815301076,1909f56bfc062723c751e8b465ee728b)
Start importing Packages/com.unity.2d.spriteshape/Editor/ObjectMenuCreation/DefaultAssets/Sprite Shapes/Open Sprite Shape.prefab using Guid(86ae7de409eb54f619fb1328e4d42480) Importer(815301076,1909f56bfc062723c751e8b465ee728b)  -> (artifact id: '3582a21cd466b0f32421f19dfff4a3ae') in 0.029554 seconds
Number of updated asset objects reloaded before import = 0
Number of asset objects unloaded after import = 14
========================================================================
Received Import Request.
  Time since last request: 0.000019 seconds.
  path: Assets/Prefabs/RoomListItem.prefab
  artifactKey: Guid(9411ddf555c74b847ab38ef49e8a0e6a) Importer(815301076,1909f56bfc062723c751e8b465ee728b)
Start importing Assets/Prefabs/RoomListItem.prefab using Guid(9411ddf555c74b847ab38ef49e8a0e6a) Importer(815301076,1909f56bfc062723c751e8b465ee728b)  -> (artifact id: '32cf63c9495f311a27d283f5983fa551') in 0.059183 seconds
Number of updated asset objects reloaded before import = 0
Number of asset objects unloaded after import = 20
========================================================================
Received Import Request.
  Time since last request: 0.000018 seconds.
  path: Assets/TextMesh Pro/Examples & Extras/Prefabs/Text Popup.prefab
  artifactKey: Guid(b06f0e6c1dfa4356ac918da1bb32c603) Importer(815301076,1909f56bfc062723c751e8b465ee728b)
Start importing Assets/TextMesh Pro/Examples & Extras/Prefabs/Text Popup.prefab using Guid(b06f0e6c1dfa4356ac918da1bb32c603) Importer(815301076,1909f56bfc062723c751e8b465ee728b)  -> (artifact id: '6dfd649e94d0b74201469f8750b608c6') in 0.033845 seconds
Number of updated asset objects reloaded before import = 0
Number of asset objects unloaded after import = 21
========================================================================
Received Import Request.
  Time since last request: 0.000016 seconds.
  path: Assets/Tilemaps/Main/MainTiles.prefab
  artifactKey: Guid(9aee050ef6bb96242a16feae7bd2d790) Importer(815301076,1909f56bfc062723c751e8b465ee728b)
Start importing Assets/Tilemaps/Main/MainTiles.prefab using Guid(9aee050ef6bb96242a16feae7bd2d790) Importer(815301076,1909f56bfc062723c751e8b465ee728b)  -> (artifact id: '0dc7b4493de6e8f29ec672a4d64ed5a0') in 0.130178 seconds
Number of updated asset objects reloaded before import = 0
Number of asset objects unloaded after import = 253
========================================================================
Received Import Request.
  Time since last request: 0.000023 seconds.
  path: Assets/Resources/PhotonPrefabs/PlayerController.prefab
  artifactKey: Guid(ca6696c987a0f1641bea8e0513b6d157) Importer(815301076,1909f56bfc062723c751e8b465ee728b)
Start importing Assets/Resources/PhotonPrefabs/PlayerController.prefab using Guid(ca6696c987a0f1641bea8e0513b6d157) Importer(815301076,1909f56bfc062723c751e8b465ee728b)  -> (artifact id: '4903b54525c7b424c1c8a5c3b99b3499') in 0.015397 seconds
Number of updated asset objects reloaded before import = 0
Number of asset objects unloaded after import = 10
========================================================================
Received Import Request.
  Time since last request: 0.000031 seconds.
  path: Assets/Resources/PhotonPrefabs/PlayerManager.prefab
  artifactKey: Guid(c17618a57c901084dad5d3f3706c9850) Importer(815301076,1909f56bfc062723c751e8b465ee728b)
Start importing Assets/Resources/PhotonPrefabs/PlayerManager.prefab using Guid(c17618a57c901084dad5d3f3706c9850) Importer(815301076,1909f56bfc062723c751e8b465ee728b)  -> (artifact id: 'e424e7ec7600519ac22fdd05121b0aee') in 0.003378 seconds
Number of updated asset objects reloaded before import = 0
Number of asset objects unloaded after import = 6
========================================================================
Received Import Request.
  Time since last request: 0.000017 seconds.
  path: Assets/TextMesh Pro/Examples & Extras/Prefabs/TextMeshPro - Prefab 1.prefab
  artifactKey: Guid(a6e39ced0ea046bcb636c3f0b2e2a745) Importer(815301076,1909f56bfc062723c751e8b465ee728b)
Start importing Assets/TextMesh Pro/Examples & Extras/Prefabs/TextMeshPro - Prefab 1.prefab using Guid(a6e39ced0ea046bcb636c3f0b2e2a745) Importer(815301076,1909f56bfc062723c751e8b465ee728b)  -> (artifact id: '22a96c5c15fc3e578e1a05a2e19677df') in 0.027758 seconds
Number of updated asset objects reloaded before import = 0
Number of asset objects unloaded after import = 16
========================================================================
Received Import Request.
  Time since last request: 0.000016 seconds.
  path: Assets/Prefabs/PlayerListItem.prefab
  artifactKey: Guid(9483d3844d3d7674e8ce0ff7acae7850) Importer(815301076,1909f56bfc062723c751e8b465ee728b)
Start importing Assets/Prefabs/PlayerListItem.prefab using Guid(9483d3844d3d7674e8ce0ff7acae7850) Importer(815301076,1909f56bfc062723c751e8b465ee728b)  -> (artifact id: '108e4209adf34c63c30d193a972f2ada') in 0.039053 seconds
Number of updated asset objects reloaded before import = 0
Number of asset objects unloaded after import = 15
========================================================================
Received Import Request.
  Time since last request: 2.125148 seconds.
  path: Packages/com.unity.2d.psdimporter/Editor/Assets/pivot.fbx
  artifactKey: Guid(1c7762c9bce5f4ab7b060decb9e3002d) Importer(815301076,1909f56bfc062723c751e8b465ee728b)
Start importing Packages/com.unity.2d.psdimporter/Editor/Assets/pivot.fbx using Guid(1c7762c9bce5f4ab7b060decb9e3002d) Importer(815301076,1909f56bfc062723c751e8b465ee728b)  -> (artifact id: '47e602c259f68b382b5cae1af4009d7e') in 0.742339 seconds
Number of updated asset objects reloaded before import = 0
Number of asset objects unloaded after import = 10
========================================================================
Received Import Request.
  Time since last request: 62.286114 seconds.
  path: Assets/craftpix-net-965049-free-industrial-zone-tileset-pixel-art/3 Objects/3.png
  artifactKey: Guid(326ee1b78585cf848b298cf8852ea8ab) Importer(815301076,1909f56bfc062723c751e8b465ee728b)
Start importing Assets/craftpix-net-965049-free-industrial-zone-tileset-pixel-art/3 Objects/3.png using Guid(326ee1b78585cf848b298cf8852ea8ab) Importer(815301076,1909f56bfc062723c751e8b465ee728b)  -> (artifact id: 'cc96d4eba4424ad55fce2e3e2752e090') in 0.025462 seconds
Number of updated asset objects reloaded before import = 0
Number of asset objects unloaded after import = 3
========================================================================
Received Import Request.
  Time since last request: 18.240361 seconds.
  path: Assets/craftpix-net-965049-free-industrial-zone-tileset-pixel-art/3 Objects/1.png
  artifactKey: Guid(32ee28d2f8e79e24b8871ae8ac2ad214) Importer(815301076,1909f56bfc062723c751e8b465ee728b)
Start importing Assets/craftpix-net-965049-free-industrial-zone-tileset-pixel-art/3 Objects/1.png using Guid(32ee28d2f8e79e24b8871ae8ac2ad214) Importer(815301076,1909f56bfc062723c751e8b465ee728b)  -> (artifact id: '4160c10bf93ad1359d94836f73c7bbe1') in 0.012281 seconds
Number of updated asset objects reloaded before import = 0
Number of asset objects unloaded after import = 3
========================================================================
Received Prepare
Begin MonoManager ReloadAssembly
- Loaded All Assemblies, in  0.614 seconds
Refreshing native plugins compatible for Editor in 4.53 ms, found 4 plugins.
Native extension for WindowsStandalone target not found
Native extension for WebGL target not found
[Package Manager] Server::EnsureServerProcessIsRunning -- launch failed, reason: Unity was launched with the -noUpm command-line argument
[Package Manager] UpmClient::Send -- Unable to send message (not connected to UPM process).
[Package Manager] Cannot connect to Unity Package Manager local server
Mono: successfully reloaded assembly
- Finished resetting the current domain, in  1.462 seconds
Domain Reload Profiling: 2075ms
	BeginReloadAssembly (219ms)
		ExecutionOrderSort (0ms)
		DisableScriptedObjects (18ms)
		BackupInstance (0ms)
		ReleaseScriptingObjects (0ms)
		CreateAndSetChildDomain (49ms)
	RebuildCommonClasses (50ms)
	RebuildNativeTypeToScriptingClass (18ms)
	initialDomainReloadingComplete (38ms)
	LoadAllAssembliesAndSetupDomain (289ms)
		LoadAssemblies (383ms)
		RebuildTransferFunctionScriptingTraits (0ms)
		AnalyzeDomain (19ms)
			TypeCache.Refresh (7ms)
				TypeCache.ScanAssembly (0ms)
			ScanForSourceGeneratedMonoScriptInfo (0ms)
			ResolveRequiredComponents (10ms)
	FinalizeReload (1463ms)
		ReleaseScriptCaches (0ms)
		RebuildScriptCaches (0ms)
		SetupLoadedEditorAssemblies (790ms)
			LogAssemblyErrors (0ms)
			InitializePlatformSupportModulesInManaged (11ms)
			SetLoadedEditorAssemblies (7ms)
			RefreshPlugins (0ms)
			BeforeProcessingInitializeOnLoad (125ms)
			ProcessInitializeOnLoadAttributes (564ms)
			ProcessInitializeOnLoadMethodAttributes (77ms)
			AfterProcessingInitializeOnLoad (5ms)
			EditorAssembliesLoaded (1ms)
		ExecutionOrderSort2 (0ms)
		AwakeInstancesAfterBackupRestoration (27ms)
Refreshing native plugins compatible for Editor in 8.36 ms, found 4 plugins.
Preloading 0 native plugins for Editor in 0.00 ms.
Unloading 4157 Unused Serialized files (Serialized files now loaded: 0)
Unloading 42 unused Assets / (39.6 KB). Loaded Objects now: 4664.
Memory consumption went from 150.5 MB to 150.4 MB.
Total: 5.622100 ms (FindLiveObjects: 0.394400 ms CreateObjectMapping: 0.363800 ms MarkObjects: 4.782000 ms  DeleteObjects: 0.080300 ms)

Prepare: number of updated asset objects reloaded= 0
AssetImportParameters requested are different than current active one (requested -> active):
  custom:container-demuxer-ogg: 62fdf1f143b41e24485cea50d1cbac27 -> 
  custom:video-decoder-ogg-theora: a1e56fd34408186e4bbccfd4996cb3dc -> 
  custom:framework-win-MediaFoundation: 216162199b28c13a410421893ffa2e32 -> 
  custom:CustomObjectIndexerAttribute: 756ad292c208cfabdd7b50bc23989ffe -> 
  custom:container-demuxer-webm: 4f35f7cbe854078d1ac9338744f61a02 -> 
  custom:container-muxer-webm: aa71ff27fc2769a1b78a27578f13a17b -> 
  custom:video-decoder-webm-vp8: 9c59270c3fd7afecdb556c50c9e8de78 -> 
  custom:SearchIndexIgnoredProperties: e643bd26f0fe6173181afceb89e7c659 -> 
  custom:AudioImporter_EditorPlatform: d09bf68614088b80899f8185d706f6e7 -> 
  custom:video-encoder-webm-vp8: eb34c28f22e8b96e1ab97ce403110664 -> 
  custom:audio-decoder-ogg-vorbis: bf7c407c2cedff20999df2af8eb42d56 -> 
  custom:audio-encoder-webm-vorbis: bf7c407c2cedff20999df2af8eb42d56 -> 
========================================================================
Received Prepare
Begin MonoManager ReloadAssembly
- Loaded All Assemblies, in  0.609 seconds
Refreshing native plugins compatible for Editor in 4.54 ms, found 4 plugins.
Native extension for WindowsStandalone target not found
Native extension for WebGL target not found
[Package Manager] Server::EnsureServerProcessIsRunning -- launch failed, reason: Unity was launched with the -noUpm command-line argument
[Package Manager] UpmClient::Send -- Unable to send message (not connected to UPM process).
[Package Manager] Cannot connect to Unity Package Manager local server
Mono: successfully reloaded assembly
- Finished resetting the current domain, in  1.533 seconds
Domain Reload Profiling: 2141ms
	BeginReloadAssembly (214ms)
		ExecutionOrderSort (0ms)
		DisableScriptedObjects (19ms)
		BackupInstance (0ms)
		ReleaseScriptingObjects (0ms)
		CreateAndSetChildDomain (46ms)
	RebuildCommonClasses (51ms)
	RebuildNativeTypeToScriptingClass (18ms)
	initialDomainReloadingComplete (38ms)
	LoadAllAssembliesAndSetupDomain (287ms)
		LoadAssemblies (380ms)
		RebuildTransferFunctionScriptingTraits (0ms)
		AnalyzeDomain (19ms)
			TypeCache.Refresh (7ms)
				TypeCache.ScanAssembly (0ms)
			ScanForSourceGeneratedMonoScriptInfo (0ms)
			ResolveRequiredComponents (10ms)
	FinalizeReload (1534ms)
		ReleaseScriptCaches (0ms)
		RebuildScriptCaches (0ms)
		SetupLoadedEditorAssemblies (867ms)
			LogAssemblyErrors (0ms)
			InitializePlatformSupportModulesInManaged (10ms)
			SetLoadedEditorAssemblies (5ms)
			RefreshPlugins (0ms)
			BeforeProcessingInitializeOnLoad (117ms)
			ProcessInitializeOnLoadAttributes (632ms)
			ProcessInitializeOnLoadMethodAttributes (97ms)
			AfterProcessingInitializeOnLoad (6ms)
			EditorAssembliesLoaded (0ms)
		ExecutionOrderSort2 (0ms)
		AwakeInstancesAfterBackupRestoration (30ms)
Refreshing native plugins compatible for Editor in 6.81 ms, found 4 plugins.
Preloading 0 native plugins for Editor in 0.00 ms.
Unloading 4158 Unused Serialized files (Serialized files now loaded: 0)
Unloading 41 unused Assets / (37.8 KB). Loaded Objects now: 4669.
Memory consumption went from 152.7 MB to 152.6 MB.
Total: 6.399000 ms (FindLiveObjects: 0.622100 ms CreateObjectMapping: 0.445000 ms MarkObjects: 5.234400 ms  DeleteObjects: 0.095500 ms)

Prepare: number of updated asset objects reloaded= 0
AssetImportParameters requested are different than current active one (requested -> active):
  custom:container-demuxer-ogg: 62fdf1f143b41e24485cea50d1cbac27 -> 
  custom:video-decoder-ogg-theora: a1e56fd34408186e4bbccfd4996cb3dc -> 
  custom:framework-win-MediaFoundation: 216162199b28c13a410421893ffa2e32 -> 
  custom:CustomObjectIndexerAttribute: 756ad292c208cfabdd7b50bc23989ffe -> 
  custom:container-demuxer-webm: 4f35f7cbe854078d1ac9338744f61a02 -> 
  custom:container-muxer-webm: aa71ff27fc2769a1b78a27578f13a17b -> 
  custom:video-decoder-webm-vp8: 9c59270c3fd7afecdb556c50c9e8de78 -> 
  custom:SearchIndexIgnoredProperties: e643bd26f0fe6173181afceb89e7c659 -> 
  custom:AudioImporter_EditorPlatform: d09bf68614088b80899f8185d706f6e7 -> 
  custom:video-encoder-webm-vp8: eb34c28f22e8b96e1ab97ce403110664 -> 
  custom:audio-decoder-ogg-vorbis: bf7c407c2cedff20999df2af8eb42d56 -> 
  custom:audio-encoder-webm-vorbis: bf7c407c2cedff20999df2af8eb42d56 -> 
========================================================================
Received Import Request.
  Time since last request: 483.983641 seconds.
  path: Assets/craftpix-net-965049-free-industrial-zone-tileset-pixel-art/3 Objects/Barrel1.png
  artifactKey: Guid(6e1d2284d037b3d49b2cb8659a173f42) Importer(815301076,1909f56bfc062723c751e8b465ee728b)
Start importing Assets/craftpix-net-965049-free-industrial-zone-tileset-pixel-art/3 Objects/Barrel1.png using Guid(6e1d2284d037b3d49b2cb8659a173f42) Importer(815301076,1909f56bfc062723c751e8b465ee728b)  -> (artifact id: 'd738e2d22762c994e5c12692567d851b') in 0.094177 seconds
Number of updated asset objects reloaded before import = 0
Number of asset objects unloaded after import = 3
========================================================================
Received Import Request.
  Time since last request: 57.246687 seconds.
  path: Assets/craftpix-net-965049-free-industrial-zone-tileset-pixel-art/3 Objects/Barrel2.png
  artifactKey: Guid(3c9bc55ee3a83ee4284a0d310afc8624) Importer(815301076,1909f56bfc062723c751e8b465ee728b)
Start importing Assets/craftpix-net-965049-free-industrial-zone-tileset-pixel-art/3 Objects/Barrel2.png using Guid(3c9bc55ee3a83ee4284a0d310afc8624) Importer(815301076,1909f56bfc062723c751e8b465ee728b)  -> (artifact id: '6ecaa5733a42bb102311fef5674259c8') in 0.012932 seconds
Number of updated asset objects reloaded before import = 0
Number of asset objects unloaded after import = 3
========================================================================
Received Prepare
Begin MonoManager ReloadAssembly
- Loaded All Assemblies, in  0.611 seconds
Refreshing native plugins compatible for Editor in 4.72 ms, found 4 plugins.
Native extension for WindowsStandalone target not found
Native extension for WebGL target not found
[Package Manager] Server::EnsureServerProcessIsRunning -- launch failed, reason: Unity was launched with the -noUpm command-line argument
[Package Manager] UpmClient::Send -- Unable to send message (not connected to UPM process).
[Package Manager] Cannot connect to Unity Package Manager local server
Mono: successfully reloaded assembly
- Finished resetting the current domain, in  1.548 seconds
Domain Reload Profiling: 2159ms
	BeginReloadAssembly (215ms)
		ExecutionOrderSort (0ms)
		DisableScriptedObjects (18ms)
		BackupInstance (0ms)
		ReleaseScriptingObjects (0ms)
		CreateAndSetChildDomain (48ms)
	RebuildCommonClasses (51ms)
	RebuildNativeTypeToScriptingClass (18ms)
	initialDomainReloadingComplete (38ms)
	LoadAllAssembliesAndSetupDomain (288ms)
		LoadAssemblies (380ms)
		RebuildTransferFunctionScriptingTraits (0ms)
		AnalyzeDomain (19ms)
			TypeCache.Refresh (7ms)
				TypeCache.ScanAssembly (0ms)
			ScanForSourceGeneratedMonoScriptInfo (0ms)
			ResolveRequiredComponents (10ms)
	FinalizeReload (1549ms)
		ReleaseScriptCaches (0ms)
		RebuildScriptCaches (0ms)
		SetupLoadedEditorAssemblies (844ms)
			LogAssemblyErrors (0ms)
			InitializePlatformSupportModulesInManaged (12ms)
			SetLoadedEditorAssemblies (7ms)
			RefreshPlugins (0ms)
			BeforeProcessingInitializeOnLoad (134ms)
			ProcessInitializeOnLoadAttributes (614ms)
			ProcessInitializeOnLoadMethodAttributes (71ms)
			AfterProcessingInitializeOnLoad (6ms)
			EditorAssembliesLoaded (1ms)
		ExecutionOrderSort2 (0ms)
		AwakeInstancesAfterBackupRestoration (26ms)
Refreshing native plugins compatible for Editor in 5.78 ms, found 4 plugins.
Preloading 0 native plugins for Editor in 0.00 ms.
Unloading 4157 Unused Serialized files (Serialized files now loaded: 0)
Unloading 41 unused Assets / (37.8 KB). Loaded Objects now: 4674.
Memory consumption went from 154.4 MB to 154.3 MB.
Total: 5.862600 ms (FindLiveObjects: 0.511700 ms CreateObjectMapping: 0.434200 ms MarkObjects: 4.838700 ms  DeleteObjects: 0.076600 ms)

Prepare: number of updated asset objects reloaded= 0
AssetImportParameters requested are different than current active one (requested -> active):
  custom:container-demuxer-ogg: 62fdf1f143b41e24485cea50d1cbac27 -> 
  custom:video-decoder-ogg-theora: a1e56fd34408186e4bbccfd4996cb3dc -> 
  custom:framework-win-MediaFoundation: 216162199b28c13a410421893ffa2e32 -> 
  custom:CustomObjectIndexerAttribute: 756ad292c208cfabdd7b50bc23989ffe -> 
  custom:container-demuxer-webm: 4f35f7cbe854078d1ac9338744f61a02 -> 
  custom:container-muxer-webm: aa71ff27fc2769a1b78a27578f13a17b -> 
  custom:video-decoder-webm-vp8: 9c59270c3fd7afecdb556c50c9e8de78 -> 
  custom:SearchIndexIgnoredProperties: e643bd26f0fe6173181afceb89e7c659 -> 
  custom:AudioImporter_EditorPlatform: d09bf68614088b80899f8185d706f6e7 -> 
  custom:video-encoder-webm-vp8: eb34c28f22e8b96e1ab97ce403110664 -> 
  custom:audio-decoder-ogg-vorbis: bf7c407c2cedff20999df2af8eb42d56 -> 
  custom:audio-encoder-webm-vorbis: bf7c407c2cedff20999df2af8eb42d56 -> 
========================================================================
Received Prepare
Begin MonoManager ReloadAssembly
- Loaded All Assemblies, in  0.603 seconds
Refreshing native plugins compatible for Editor in 5.18 ms, found 4 plugins.
Native extension for WindowsStandalone target not found
Native extension for WebGL target not found
[Package Manager] Server::EnsureServerProcessIsRunning -- launch failed, reason: Unity was launched with the -noUpm command-line argument
[Package Manager] UpmClient::Send -- Unable to send message (not connected to UPM process).
[Package Manager] Cannot connect to Unity Package Manager local server
Mono: successfully reloaded assembly
- Finished resetting the current domain, in  1.373 seconds
Domain Reload Profiling: 1976ms
	BeginReloadAssembly (209ms)
		ExecutionOrderSort (0ms)
		DisableScriptedObjects (18ms)
		BackupInstance (0ms)
		ReleaseScriptingObjects (0ms)
		CreateAndSetChildDomain (44ms)
	RebuildCommonClasses (51ms)
	RebuildNativeTypeToScriptingClass (18ms)
	initialDomainReloadingComplete (38ms)
	LoadAllAssembliesAndSetupDomain (286ms)
		LoadAssemblies (376ms)
		RebuildTransferFunctionScriptingTraits (0ms)
		AnalyzeDomain (20ms)
			TypeCache.Refresh (8ms)
				TypeCache.ScanAssembly (0ms)
			ScanForSourceGeneratedMonoScriptInfo (0ms)
			ResolveRequiredComponents (11ms)
	FinalizeReload (1375ms)
		ReleaseScriptCaches (0ms)
		RebuildScriptCaches (0ms)
		SetupLoadedEditorAssemblies (716ms)
			LogAssemblyErrors (0ms)
			InitializePlatformSupportModulesInManaged (8ms)
			SetLoadedEditorAssemblies (6ms)
			RefreshPlugins (0ms)
			BeforeProcessingInitializeOnLoad (107ms)
			ProcessInitializeOnLoadAttributes (524ms)
			ProcessInitializeOnLoadMethodAttributes (66ms)
			AfterProcessingInitializeOnLoad (5ms)
			EditorAssembliesLoaded (0ms)
		ExecutionOrderSort2 (0ms)
		AwakeInstancesAfterBackupRestoration (32ms)
Refreshing native plugins compatible for Editor in 5.70 ms, found 4 plugins.
Preloading 0 native plugins for Editor in 0.00 ms.
Unloading 4158 Unused Serialized files (Serialized files now loaded: 0)
Unloading 41 unused Assets / (37.9 KB). Loaded Objects now: 4679.
Memory consumption went from 156.5 MB to 156.5 MB.
Total: 5.542900 ms (FindLiveObjects: 0.718400 ms CreateObjectMapping: 0.559400 ms MarkObjects: 4.189900 ms  DeleteObjects: 0.073800 ms)

Prepare: number of updated asset objects reloaded= 0
AssetImportParameters requested are different than current active one (requested -> active):
  custom:container-demuxer-ogg: 62fdf1f143b41e24485cea50d1cbac27 -> 
  custom:video-decoder-ogg-theora: a1e56fd34408186e4bbccfd4996cb3dc -> 
  custom:framework-win-MediaFoundation: 216162199b28c13a410421893ffa2e32 -> 
  custom:CustomObjectIndexerAttribute: 756ad292c208cfabdd7b50bc23989ffe -> 
  custom:container-demuxer-webm: 4f35f7cbe854078d1ac9338744f61a02 -> 
  custom:container-muxer-webm: aa71ff27fc2769a1b78a27578f13a17b -> 
  custom:video-decoder-webm-vp8: 9c59270c3fd7afecdb556c50c9e8de78 -> 
  custom:SearchIndexIgnoredProperties: e643bd26f0fe6173181afceb89e7c659 -> 
  custom:AudioImporter_EditorPlatform: d09bf68614088b80899f8185d706f6e7 -> 
  custom:video-encoder-webm-vp8: eb34c28f22e8b96e1ab97ce403110664 -> 
  custom:audio-decoder-ogg-vorbis: bf7c407c2cedff20999df2af8eb42d56 -> 
  custom:audio-encoder-webm-vorbis: bf7c407c2cedff20999df2af8eb42d56 -> 
========================================================================
Received Prepare
Begin MonoManager ReloadAssembly
- Loaded All Assemblies, in  0.610 seconds
Refreshing native plugins compatible for Editor in 4.92 ms, found 4 plugins.
Native extension for WindowsStandalone target not found
Native extension for WebGL target not found
[Package Manager] Server::EnsureServerProcessIsRunning -- launch failed, reason: Unity was launched with the -noUpm command-line argument
[Package Manager] UpmClient::Send -- Unable to send message (not connected to UPM process).
[Package Manager] Cannot connect to Unity Package Manager local server
Mono: successfully reloaded assembly
- Finished resetting the current domain, in  1.398 seconds
Domain Reload Profiling: 2007ms
	BeginReloadAssembly (211ms)
		ExecutionOrderSort (0ms)
		DisableScriptedObjects (19ms)
		BackupInstance (0ms)
		ReleaseScriptingObjects (0ms)
		CreateAndSetChildDomain (46ms)
	RebuildCommonClasses (50ms)
	RebuildNativeTypeToScriptingClass (18ms)
	initialDomainReloadingComplete (39ms)
	LoadAllAssembliesAndSetupDomain (290ms)
		LoadAssemblies (379ms)
		RebuildTransferFunctionScriptingTraits (0ms)
		AnalyzeDomain (20ms)
			TypeCache.Refresh (8ms)
				TypeCache.ScanAssembly (0ms)
			ScanForSourceGeneratedMonoScriptInfo (0ms)
			ResolveRequiredComponents (10ms)
	FinalizeReload (1399ms)
		ReleaseScriptCaches (0ms)
		RebuildScriptCaches (0ms)
		SetupLoadedEditorAssemblies (741ms)
			LogAssemblyErrors (0ms)
			InitializePlatformSupportModulesInManaged (9ms)
			SetLoadedEditorAssemblies (5ms)
			RefreshPlugins (0ms)
			BeforeProcessingInitializeOnLoad (98ms)
			ProcessInitializeOnLoadAttributes (545ms)
			ProcessInitializeOnLoadMethodAttributes (79ms)
			AfterProcessingInitializeOnLoad (4ms)
			EditorAssembliesLoaded (0ms)
		ExecutionOrderSort2 (0ms)
		AwakeInstancesAfterBackupRestoration (24ms)
Refreshing native plugins compatible for Editor in 6.84 ms, found 4 plugins.
Preloading 0 native plugins for Editor in 0.00 ms.
Unloading 4158 Unused Serialized files (Serialized files now loaded: 0)
Unloading 41 unused Assets / (37.9 KB). Loaded Objects now: 4684.
Memory consumption went from 158.5 MB to 158.4 MB.
Total: 5.437700 ms (FindLiveObjects: 0.880400 ms CreateObjectMapping: 0.302200 ms MarkObjects: 4.182000 ms  DeleteObjects: 0.071500 ms)

Prepare: number of updated asset objects reloaded= 0
AssetImportParameters requested are different than current active one (requested -> active):
  custom:container-demuxer-ogg: 62fdf1f143b41e24485cea50d1cbac27 -> 
  custom:video-decoder-ogg-theora: a1e56fd34408186e4bbccfd4996cb3dc -> 
  custom:framework-win-MediaFoundation: 216162199b28c13a410421893ffa2e32 -> 
  custom:CustomObjectIndexerAttribute: 756ad292c208cfabdd7b50bc23989ffe -> 
  custom:container-demuxer-webm: 4f35f7cbe854078d1ac9338744f61a02 -> 
  custom:container-muxer-webm: aa71ff27fc2769a1b78a27578f13a17b -> 
  custom:video-decoder-webm-vp8: 9c59270c3fd7afecdb556c50c9e8de78 -> 
  custom:SearchIndexIgnoredProperties: e643bd26f0fe6173181afceb89e7c659 -> 
  custom:AudioImporter_EditorPlatform: d09bf68614088b80899f8185d706f6e7 -> 
  custom:video-encoder-webm-vp8: eb34c28f22e8b96e1ab97ce403110664 -> 
  custom:audio-decoder-ogg-vorbis: bf7c407c2cedff20999df2af8eb42d56 -> 
  custom:audio-encoder-webm-vorbis: bf7c407c2cedff20999df2af8eb42d56 -> 
========================================================================
Received Prepare
Begin MonoManager ReloadAssembly
- Loaded All Assemblies, in  0.606 seconds
Refreshing native plugins compatible for Editor in 4.51 ms, found 4 plugins.
Native extension for WindowsStandalone target not found
Native extension for WebGL target not found
[Package Manager] Server::EnsureServerProcessIsRunning -- launch failed, reason: Unity was launched with the -noUpm command-line argument
[Package Manager] UpmClient::Send -- Unable to send message (not connected to UPM process).
[Package Manager] Cannot connect to Unity Package Manager local server
Mono: successfully reloaded assembly
- Finished resetting the current domain, in  1.353 seconds
Domain Reload Profiling: 1958ms
	BeginReloadAssembly (210ms)
		ExecutionOrderSort (0ms)
		DisableScriptedObjects (19ms)
		BackupInstance (0ms)
		ReleaseScriptingObjects (0ms)
		CreateAndSetChildDomain (44ms)
	RebuildCommonClasses (52ms)
	RebuildNativeTypeToScriptingClass (18ms)
	initialDomainReloadingComplete (38ms)
	LoadAllAssembliesAndSetupDomain (286ms)
		LoadAssemblies (376ms)
		RebuildTransferFunctionScriptingTraits (0ms)
		AnalyzeDomain (19ms)
			TypeCache.Refresh (7ms)
				TypeCache.ScanAssembly (0ms)
			ScanForSourceGeneratedMonoScriptInfo (0ms)
			ResolveRequiredComponents (11ms)
	FinalizeReload (1354ms)
		ReleaseScriptCaches (0ms)
		RebuildScriptCaches (0ms)
		SetupLoadedEditorAssemblies (697ms)
			LogAssemblyErrors (0ms)
			InitializePlatformSupportModulesInManaged (9ms)
			SetLoadedEditorAssemblies (5ms)
			RefreshPlugins (0ms)
			BeforeProcessingInitializeOnLoad (100ms)
			ProcessInitializeOnLoadAttributes (504ms)
			ProcessInitializeOnLoadMethodAttributes (73ms)
			AfterProcessingInitializeOnLoad (6ms)
			EditorAssembliesLoaded (0ms)
		ExecutionOrderSort2 (0ms)
		AwakeInstancesAfterBackupRestoration (25ms)
Refreshing native plugins compatible for Editor in 6.32 ms, found 4 plugins.
Preloading 0 native plugins for Editor in 0.00 ms.
Unloading 4158 Unused Serialized files (Serialized files now loaded: 0)
Unloading 41 unused Assets / (38.9 KB). Loaded Objects now: 4689.
Memory consumption went from 160.4 MB to 160.4 MB.
Total: 7.432500 ms (FindLiveObjects: 0.844500 ms CreateObjectMapping: 0.468900 ms MarkObjects: 6.041500 ms  DeleteObjects: 0.075900 ms)

Prepare: number of updated asset objects reloaded= 0
AssetImportParameters requested are different than current active one (requested -> active):
  custom:container-demuxer-ogg: 62fdf1f143b41e24485cea50d1cbac27 -> 
  custom:video-decoder-ogg-theora: a1e56fd34408186e4bbccfd4996cb3dc -> 
  custom:framework-win-MediaFoundation: 216162199b28c13a410421893ffa2e32 -> 
  custom:CustomObjectIndexerAttribute: 756ad292c208cfabdd7b50bc23989ffe -> 
  custom:container-demuxer-webm: 4f35f7cbe854078d1ac9338744f61a02 -> 
  custom:container-muxer-webm: aa71ff27fc2769a1b78a27578f13a17b -> 
  custom:video-decoder-webm-vp8: 9c59270c3fd7afecdb556c50c9e8de78 -> 
  custom:SearchIndexIgnoredProperties: e643bd26f0fe6173181afceb89e7c659 -> 
  custom:AudioImporter_EditorPlatform: d09bf68614088b80899f8185d706f6e7 -> 
  custom:video-encoder-webm-vp8: eb34c28f22e8b96e1ab97ce403110664 -> 
  custom:audio-decoder-ogg-vorbis: bf7c407c2cedff20999df2af8eb42d56 -> 
  custom:audio-encoder-webm-vorbis: bf7c407c2cedff20999df2af8eb42d56 -> 
========================================================================
Received Import Request.
  Time since last request: 2448.377526 seconds.
  path: Assets/craftpix-net-965049-free-industrial-zone-tileset-pixel-art/3 Objects/Ladder3.png
  artifactKey: Guid(dc888b04d05364e4ca7a43872961b9a3) Importer(815301076,1909f56bfc062723c751e8b465ee728b)
Start importing Assets/craftpix-net-965049-free-industrial-zone-tileset-pixel-art/3 Objects/Ladder3.png using Guid(dc888b04d05364e4ca7a43872961b9a3) Importer(815301076,1909f56bfc062723c751e8b465ee728b)  -> (artifact id: 'f5a57dbc21c1a19740f2a15d55ddafdb') in 0.096520 seconds
Number of updated asset objects reloaded before import = 0
Number of asset objects unloaded after import = 3
========================================================================
Received Import Request.
  Time since last request: 1.596244 seconds.
  path: Assets/craftpix-net-965049-free-industrial-zone-tileset-pixel-art/3 Objects/Locker1.png
  artifactKey: Guid(4d6c98a84a923394da06a44eedd38893) Importer(815301076,1909f56bfc062723c751e8b465ee728b)
Start importing Assets/craftpix-net-965049-free-industrial-zone-tileset-pixel-art/3 Objects/Locker1.png using Guid(4d6c98a84a923394da06a44eedd38893) Importer(815301076,1909f56bfc062723c751e8b465ee728b)  -> (artifact id: '20717cfcd33e7160984c6e978e69c576') in 0.018360 seconds
Number of updated asset objects reloaded before import = 0
Number of asset objects unloaded after import = 3
========================================================================
Received Import Request.
  Time since last request: 1.287510 seconds.
  path: Assets/craftpix-net-965049-free-industrial-zone-tileset-pixel-art/3 Objects/Locker2.png
  artifactKey: Guid(949d82c6803d4de408cb196f5108ce05) Importer(815301076,1909f56bfc062723c751e8b465ee728b)
Start importing Assets/craftpix-net-965049-free-industrial-zone-tileset-pixel-art/3 Objects/Locker2.png using Guid(949d82c6803d4de408cb196f5108ce05) Importer(815301076,1909f56bfc062723c751e8b465ee728b)  -> (artifact id: '0f4a99bbe6b0d1632f854ceba5cf7f65') in 0.028997 seconds
Number of updated asset objects reloaded before import = 0
Number of asset objects unloaded after import = 3
========================================================================
Received Import Request.
  Time since last request: 0.479992 seconds.
  path: Assets/craftpix-net-965049-free-industrial-zone-tileset-pixel-art/3 Objects/Locker3.png
  artifactKey: Guid(4c5da25ce8a8cf04abef7b7ccf2adb62) Importer(815301076,1909f56bfc062723c751e8b465ee728b)
Start importing Assets/craftpix-net-965049-free-industrial-zone-tileset-pixel-art/3 Objects/Locker3.png using Guid(4c5da25ce8a8cf04abef7b7ccf2adb62) Importer(815301076,1909f56bfc062723c751e8b465ee728b)  -> (artifact id: '91243fe61476b271660027e93a20867b') in 0.019701 seconds
Number of updated asset objects reloaded before import = 0
Number of asset objects unloaded after import = 3
========================================================================
Received Import Request.
  Time since last request: 0.453130 seconds.
  path: Assets/craftpix-net-965049-free-industrial-zone-tileset-pixel-art/3 Objects/Locker4.png
  artifactKey: Guid(77794633b2649b045aa169466ff3150f) Importer(815301076,1909f56bfc062723c751e8b465ee728b)
Start importing Assets/craftpix-net-965049-free-industrial-zone-tileset-pixel-art/3 Objects/Locker4.png using Guid(77794633b2649b045aa169466ff3150f) Importer(815301076,1909f56bfc062723c751e8b465ee728b)  -> (artifact id: '0e94fac8e30f5bbac80b0c4d07933887') in 0.023922 seconds
Number of updated asset objects reloaded before import = 0
Number of asset objects unloaded after import = 3
========================================================================
Received Import Request.
  Time since last request: 273.427682 seconds.
  path: Assets/craftpix-net-965049-free-industrial-zone-tileset-pixel-art/3 Objects/Ladder2.png
  artifactKey: Guid(1593ac73d9797224985697a3c679f291) Importer(815301076,1909f56bfc062723c751e8b465ee728b)
Start importing Assets/craftpix-net-965049-free-industrial-zone-tileset-pixel-art/3 Objects/Ladder2.png using Guid(1593ac73d9797224985697a3c679f291) Importer(815301076,1909f56bfc062723c751e8b465ee728b)  -> (artifact id: '5d33f401ba8daf97d95a0e242f092f63') in 0.031288 seconds
Number of updated asset objects reloaded before import = 0
Number of asset objects unloaded after import = 3
========================================================================
Received Import Request.
  Time since last request: 0.108322 seconds.
  path: Assets/craftpix-net-965049-free-industrial-zone-tileset-pixel-art/3 Objects/Ladder1.png
  artifactKey: Guid(7b20e73f421687141a2b9b6612da1256) Importer(815301076,1909f56bfc062723c751e8b465ee728b)
Start importing Assets/craftpix-net-965049-free-industrial-zone-tileset-pixel-art/3 Objects/Ladder1.png using Guid(7b20e73f421687141a2b9b6612da1256) Importer(815301076,1909f56bfc062723c751e8b465ee728b)  -> (artifact id: '06b129e435dc09bb449d71fbba14a648') in 0.015965 seconds
Number of updated asset objects reloaded before import = 0
Number of asset objects unloaded after import = 3
========================================================================
Received Import Request.
  Time since last request: 0.458653 seconds.
  path: Assets/craftpix-net-965049-free-industrial-zone-tileset-pixel-art/3 Objects/Flag.png
  artifactKey: Guid(2b203bc6edaa21d43b8cf33e39c28bee) Importer(815301076,1909f56bfc062723c751e8b465ee728b)
Start importing Assets/craftpix-net-965049-free-industrial-zone-tileset-pixel-art/3 Objects/Flag.png using Guid(2b203bc6edaa21d43b8cf33e39c28bee) Importer(815301076,1909f56bfc062723c751e8b465ee728b)  -> (artifact id: '008a17326167b6f1f1d159f46b223f2f') in 0.025117 seconds
Number of updated asset objects reloaded before import = 0
Number of asset objects unloaded after import = 3
========================================================================
Received Import Request.
  Time since last request: 2.838179 seconds.
  path: Assets/craftpix-net-965049-free-industrial-zone-tileset-pixel-art/3 Objects/Fire-extinguisher3.png
  artifactKey: Guid(7cb5825595bb9054c8f2d7a1f7f63501) Importer(815301076,1909f56bfc062723c751e8b465ee728b)
Start importing Assets/craftpix-net-965049-free-industrial-zone-tileset-pixel-art/3 Objects/Fire-extinguisher3.png using Guid(7cb5825595bb9054c8f2d7a1f7f63501) Importer(815301076,1909f56bfc062723c751e8b465ee728b)  -> (artifact id: 'f5b787eac94a5dd2874d08a0321bf242') in 0.016776 seconds
Number of updated asset objects reloaded before import = 0
Number of asset objects unloaded after import = 3
========================================================================
Received Import Request.
  Time since last request: 452.991234 seconds.
  path: Assets/craftpix-net-965049-free-industrial-zone-tileset-pixel-art/3 Objects/Box7.png
  artifactKey: Guid(727ef0efc9a123449bff58e810e76025) Importer(815301076,1909f56bfc062723c751e8b465ee728b)
Start importing Assets/craftpix-net-965049-free-industrial-zone-tileset-pixel-art/3 Objects/Box7.png using Guid(727ef0efc9a123449bff58e810e76025) Importer(815301076,1909f56bfc062723c751e8b465ee728b)  -> (artifact id: '3bee81750b3ae885e2c36a5a279b0247') in 0.048161 seconds
Number of updated asset objects reloaded before import = 0
Number of asset objects unloaded after import = 3
========================================================================
Received Import Request.
  Time since last request: 3.671607 seconds.
  path: Assets/craftpix-net-965049-free-industrial-zone-tileset-pixel-art/3 Objects/Box6.png
  artifactKey: Guid(02d535dffb0e0ec49a71ad22c9a55880) Importer(815301076,1909f56bfc062723c751e8b465ee728b)
Start importing Assets/craftpix-net-965049-free-industrial-zone-tileset-pixel-art/3 Objects/Box6.png using Guid(02d535dffb0e0ec49a71ad22c9a55880) Importer(815301076,1909f56bfc062723c751e8b465ee728b)  -> (artifact id: '5b1661ddac5a733a43f5bf10455d88ba') in 0.023415 seconds
Number of updated asset objects reloaded before import = 0
Number of asset objects unloaded after import = 3
========================================================================
Received Import Request.
  Time since last request: 0.430948 seconds.
  path: Assets/craftpix-net-965049-free-industrial-zone-tileset-pixel-art/3 Objects/Box5.png
  artifactKey: Guid(0174aaa0cf620f84ba359983daca2812) Importer(815301076,1909f56bfc062723c751e8b465ee728b)
Start importing Assets/craftpix-net-965049-free-industrial-zone-tileset-pixel-art/3 Objects/Box5.png using Guid(0174aaa0cf620f84ba359983daca2812) Importer(815301076,1909f56bfc062723c751e8b465ee728b)  -> (artifact id: '596d905f823e15e0ae1737a52e7f1a94') in 0.042245 seconds
Number of updated asset objects reloaded before import = 0
Number of asset objects unloaded after import = 3
========================================================================
Received Import Request.
  Time since last request: 3.999202 seconds.
  path: Assets/craftpix-net-965049-free-industrial-zone-tileset-pixel-art/3 Objects/Box8.png
  artifactKey: Guid(9a2f7253b8732d9448f7e95070ce1631) Importer(815301076,1909f56bfc062723c751e8b465ee728b)
Start importing Assets/craftpix-net-965049-free-industrial-zone-tileset-pixel-art/3 Objects/Box8.png using Guid(9a2f7253b8732d9448f7e95070ce1631) Importer(815301076,1909f56bfc062723c751e8b465ee728b)  -> (artifact id: '5e1e4d3a34ca47f9ab42195527bce443') in 0.016732 seconds
Number of updated asset objects reloaded before import = 0
Number of asset objects unloaded after import = 3
========================================================================
Received Import Request.
  Time since last request: 472.294108 seconds.
  path: Assets/craftpix-net-965049-free-industrial-zone-tileset-pixel-art/4 Animated objects/Screen2.png
  artifactKey: Guid(68caf05738df44c41bb1387c3930748e) Importer(815301076,1909f56bfc062723c751e8b465ee728b)
Start importing Assets/craftpix-net-965049-free-industrial-zone-tileset-pixel-art/4 Animated objects/Screen2.png using Guid(68caf05738df44c41bb1387c3930748e) Importer(815301076,1909f56bfc062723c751e8b465ee728b)  -> (artifact id: '455cd47ccb19fefd66d4151a446ae60e') in 0.017062 seconds
Number of updated asset objects reloaded before import = 0
Number of asset objects unloaded after import = 3
========================================================================
Received Import Request.
  Time since last request: 8.081784 seconds.
  path: Assets/craftpix-net-965049-free-industrial-zone-tileset-pixel-art/4 Animated objects/Transporter1.png
  artifactKey: Guid(60047308bfc016b4f8a650a0bf898522) Importer(815301076,1909f56bfc062723c751e8b465ee728b)
Start importing Assets/craftpix-net-965049-free-industrial-zone-tileset-pixel-art/4 Animated objects/Transporter1.png using Guid(60047308bfc016b4f8a650a0bf898522) Importer(815301076,1909f56bfc062723c751e8b465ee728b)  -> (artifact id: '0ac3f5be362589b1a96d5316eea8e986') in 0.034022 seconds
Number of updated asset objects reloaded before import = 0
Number of asset objects unloaded after import = 3
========================================================================
Received Import Request.
  Time since last request: 2.202783 seconds.
  path: Assets/craftpix-net-965049-free-industrial-zone-tileset-pixel-art/4 Animated objects/Transporter2.png
  artifactKey: Guid(8108b79cc0089494aae6d8dabffd1b9a) Importer(815301076,1909f56bfc062723c751e8b465ee728b)
Start importing Assets/craftpix-net-965049-free-industrial-zone-tileset-pixel-art/4 Animated objects/Transporter2.png using Guid(8108b79cc0089494aae6d8dabffd1b9a) Importer(815301076,1909f56bfc062723c751e8b465ee728b)  -> (artifact id: 'f99b6236f7fe3a5f678d6ffdaea61421') in 0.022010 seconds
Number of updated asset objects reloaded before import = 0
Number of asset objects unloaded after import = 3
========================================================================
Received Import Request.
  Time since last request: 1.332140 seconds.
  path: Assets/craftpix-net-965049-free-industrial-zone-tileset-pixel-art/4 Animated objects/Transporter3.png
  artifactKey: Guid(02bf49cdfb6ad1244ab2aead018eeae8) Importer(815301076,1909f56bfc062723c751e8b465ee728b)
Start importing Assets/craftpix-net-965049-free-industrial-zone-tileset-pixel-art/4 Animated objects/Transporter3.png using Guid(02bf49cdfb6ad1244ab2aead018eeae8) Importer(815301076,1909f56bfc062723c751e8b465ee728b)  -> (artifact id: '4c2bddbbda5857c5bc5041e2443db282') in 0.020303 seconds
Number of updated asset objects reloaded before import = 0
Number of asset objects unloaded after import = 3
========================================================================
Received Import Request.
  Time since last request: 4.713768 seconds.
  path: Assets/craftpix-net-965049-free-industrial-zone-tileset-pixel-art/3 Objects/Bench.png
  artifactKey: Guid(31c6a3b781c664a488b7afcdffd660fe) Importer(815301076,1909f56bfc062723c751e8b465ee728b)
Start importing Assets/craftpix-net-965049-free-industrial-zone-tileset-pixel-art/3 Objects/Bench.png using Guid(31c6a3b781c664a488b7afcdffd660fe) Importer(815301076,1909f56bfc062723c751e8b465ee728b)  -> (artifact id: '086e4fc109f952032326867c3508e49a') in 0.014372 seconds
Number of updated asset objects reloaded before import = 0
Number of asset objects unloaded after import = 3
========================================================================
Received Import Request.
  Time since last request: 6.279932 seconds.
  path: Assets/craftpix-net-965049-free-industrial-zone-tileset-pixel-art/3 Objects/Board1.png
  artifactKey: Guid(963680f2131608145bc07374bace046f) Importer(815301076,1909f56bfc062723c751e8b465ee728b)
Start importing Assets/craftpix-net-965049-free-industrial-zone-tileset-pixel-art/3 Objects/Board1.png using Guid(963680f2131608145bc07374bace046f) Importer(815301076,1909f56bfc062723c751e8b465ee728b)  -> (artifact id: '792253529a8faccc82b1991ab2f867ba') in 0.018007 seconds
Number of updated asset objects reloaded before import = 0
Number of asset objects unloaded after import = 3
========================================================================
Received Import Request.
  Time since last request: 0.835234 seconds.
  path: Assets/craftpix-net-965049-free-industrial-zone-tileset-pixel-art/3 Objects/Board2.png
  artifactKey: Guid(60e8362a0115dce479375608e4eb65c1) Importer(815301076,1909f56bfc062723c751e8b465ee728b)
Start importing Assets/craftpix-net-965049-free-industrial-zone-tileset-pixel-art/3 Objects/Board2.png using Guid(60e8362a0115dce479375608e4eb65c1) Importer(815301076,1909f56bfc062723c751e8b465ee728b)  -> (artifact id: '8998de3002f06e958e45458c061d4bbb') in 0.049344 seconds
Number of updated asset objects reloaded before import = 0
Number of asset objects unloaded after import = 3
========================================================================
Received Import Request.
  Time since last request: 741.924993 seconds.
  path: Assets/craftpix-net-965049-free-industrial-zone-tileset-pixel-art/3 Objects/Box4.png
  artifactKey: Guid(ea62ab135fd3fef40b49d2455d66eb8a) Importer(815301076,1909f56bfc062723c751e8b465ee728b)
Start importing Assets/craftpix-net-965049-free-industrial-zone-tileset-pixel-art/3 Objects/Box4.png using Guid(ea62ab135fd3fef40b49d2455d66eb8a) Importer(815301076,1909f56bfc062723c751e8b465ee728b)  -> (artifact id: '777256380d3ddff0c7de3b6a34a768dd') in 0.016337 seconds
Number of updated asset objects reloaded before import = 0
Number of asset objects unloaded after import = 3
========================================================================
Received Import Request.
  Time since last request: 3.472990 seconds.
  path: Assets/craftpix-net-965049-free-industrial-zone-tileset-pixel-art/3 Objects/Box3.png
  artifactKey: Guid(c44bf7f03bec54a4193c7c95212b3dc5) Importer(815301076,1909f56bfc062723c751e8b465ee728b)
Start importing Assets/craftpix-net-965049-free-industrial-zone-tileset-pixel-art/3 Objects/Box3.png using Guid(c44bf7f03bec54a4193c7c95212b3dc5) Importer(815301076,1909f56bfc062723c751e8b465ee728b)  -> (artifact id: '11dac3e6ba58a9ede565ffa1f717b7e8') in 0.012413 seconds
Number of updated asset objects reloaded before import = 0
Number of asset objects unloaded after import = 3
========================================================================
Received Import Request.
  Time since last request: 229.075069 seconds.
  path: Assets/craftpix-net-965049-free-industrial-zone-tileset-pixel-art/3 Objects/Box1.png
  artifactKey: Guid(efcf1f79381cf8d46b483a4c381d536f) Importer(815301076,1909f56bfc062723c751e8b465ee728b)
Start importing Assets/craftpix-net-965049-free-industrial-zone-tileset-pixel-art/3 Objects/Box1.png using Guid(efcf1f79381cf8d46b483a4c381d536f) Importer(815301076,1909f56bfc062723c751e8b465ee728b)  -> (artifact id: '7576ba882544a016b30a277193d7a77a') in 0.018883 seconds
Number of updated asset objects reloaded before import = 0
Number of asset objects unloaded after import = 3
========================================================================
Received Import Request.
  Time since last request: 1.691297 seconds.
  path: Assets/craftpix-net-965049-free-industrial-zone-tileset-pixel-art/3 Objects/Box2.png
  artifactKey: Guid(44e92c1e055857b47af9793b5f700520) Importer(815301076,1909f56bfc062723c751e8b465ee728b)
Start importing Assets/craftpix-net-965049-free-industrial-zone-tileset-pixel-art/3 Objects/Box2.png using Guid(44e92c1e055857b47af9793b5f700520) Importer(815301076,1909f56bfc062723c751e8b465ee728b)  -> (artifact id: '26548136fb9a90aecee49e72a5006324') in 0.013740 seconds
Number of updated asset objects reloaded before import = 0
Number of asset objects unloaded after import = 3
========================================================================
Received Import Request.
  Time since last request: 149.512509 seconds.
  path: Assets/craftpix-net-965049-free-industrial-zone-tileset-pixel-art/3 Objects/Bucket.png
  artifactKey: Guid(2fb083901d135eb4f9d052033d06226a) Importer(815301076,1909f56bfc062723c751e8b465ee728b)
Start importing Assets/craftpix-net-965049-free-industrial-zone-tileset-pixel-art/3 Objects/Bucket.png using Guid(2fb083901d135eb4f9d052033d06226a) Importer(815301076,1909f56bfc062723c751e8b465ee728b)  -> (artifact id: '4252035ce24192e03d3aaf57fc803f1b') in 0.011127 seconds
Number of updated asset objects reloaded before import = 0
Number of asset objects unloaded after import = 3
========================================================================
Received Import Request.
  Time since last request: 168.184563 seconds.
  path: Assets/craftpix-net-965049-free-industrial-zone-tileset-pixel-art/3 Objects/Mop.png
  artifactKey: Guid(10d46556736d0404da813be867920654) Importer(815301076,1909f56bfc062723c751e8b465ee728b)
Start importing Assets/craftpix-net-965049-free-industrial-zone-tileset-pixel-art/3 Objects/Mop.png using Guid(10d46556736d0404da813be867920654) Importer(815301076,1909f56bfc062723c751e8b465ee728b)  -> (artifact id: '2f83eb42365efb56db1b7d6d9baecc36') in 0.011040 seconds
Number of updated asset objects reloaded before import = 0
Number of asset objects unloaded after import = 3
========================================================================
Received Import Request.
  Time since last request: 221.325705 seconds.
  path: Assets/craftpix-net-965049-free-industrial-zone-tileset-pixel-art/3 Objects/Pointer1.png
  artifactKey: Guid(44df931c540f6bf4892234d324ae9072) Importer(815301076,1909f56bfc062723c751e8b465ee728b)
Start importing Assets/craftpix-net-965049-free-industrial-zone-tileset-pixel-art/3 Objects/Pointer1.png using Guid(44df931c540f6bf4892234d324ae9072) Importer(815301076,1909f56bfc062723c751e8b465ee728b)  -> (artifact id: 'cb4bf598d63ca5feda48fa690ed85858') in 0.012988 seconds
Number of updated asset objects reloaded before import = 0
Number of asset objects unloaded after import = 3
========================================================================
Received Import Request.
  Time since last request: 0.284789 seconds.
  path: Assets/craftpix-net-965049-free-industrial-zone-tileset-pixel-art/3 Objects/Pointer2.png
  artifactKey: Guid(147722795c2d23848af374adaa8d34da) Importer(815301076,1909f56bfc062723c751e8b465ee728b)
Start importing Assets/craftpix-net-965049-free-industrial-zone-tileset-pixel-art/3 Objects/Pointer2.png using Guid(147722795c2d23848af374adaa8d34da) Importer(815301076,1909f56bfc062723c751e8b465ee728b)  -> (artifact id: 'b1dcec28f9c8cc858c527df4cb05cf53') in 0.029215 seconds
Number of updated asset objects reloaded before import = 0
Number of asset objects unloaded after import = 3
========================================================================
Received Import Request.
  Time since last request: 567.570251 seconds.
  path: Assets/craftpix-net-965049-free-industrial-zone-tileset-pixel-art/4 Animated objects/Platform.png
  artifactKey: Guid(4a7afbb8615d6b944900a9c75cd9d009) Importer(815301076,1909f56bfc062723c751e8b465ee728b)
Start importing Assets/craftpix-net-965049-free-industrial-zone-tileset-pixel-art/4 Animated objects/Platform.png using Guid(4a7afbb8615d6b944900a9c75cd9d009) Importer(815301076,1909f56bfc062723c751e8b465ee728b)  -> (artifact id: '71d92a9dd70d9537222e1256d112447e') in 0.014225 seconds
Number of updated asset objects reloaded before import = 0
Number of asset objects unloaded after import = 3
========================================================================
Received Import Request.
  Time since last request: 0.393092 seconds.
  path: Assets/craftpix-net-965049-free-industrial-zone-tileset-pixel-art/4 Animated objects/Screen1.png
  artifactKey: Guid(4bef6e63f460eb24ca1a5130003cc4da) Importer(815301076,1909f56bfc062723c751e8b465ee728b)
Start importing Assets/craftpix-net-965049-free-industrial-zone-tileset-pixel-art/4 Animated objects/Screen1.png using Guid(4bef6e63f460eb24ca1a5130003cc4da) Importer(815301076,1909f56bfc062723c751e8b465ee728b)  -> (artifact id: '6527b09e7b67655152e4f457e18d0260') in 0.012940 seconds
Number of updated asset objects reloaded before import = 0
Number of asset objects unloaded after import = 3
========================================================================
Received Prepare
Begin MonoManager ReloadAssembly
- Loaded All Assemblies, in  0.658 seconds
Refreshing native plugins compatible for Editor in 4.34 ms, found 4 plugins.
Native extension for WindowsStandalone target not found
Native extension for WebGL target not found
[Package Manager] Server::EnsureServerProcessIsRunning -- launch failed, reason: Unity was launched with the -noUpm command-line argument
[Package Manager] UpmClient::Send -- Unable to send message (not connected to UPM process).
[Package Manager] Cannot connect to Unity Package Manager local server
Mono: successfully reloaded assembly
- Finished resetting the current domain, in  1.495 seconds
Domain Reload Profiling: 2152ms
	BeginReloadAssembly (226ms)
		ExecutionOrderSort (0ms)
		DisableScriptedObjects (19ms)
		BackupInstance (0ms)
		ReleaseScriptingObjects (0ms)
		CreateAndSetChildDomain (48ms)
	RebuildCommonClasses (72ms)
	RebuildNativeTypeToScriptingClass (18ms)
	initialDomainReloadingComplete (39ms)
	LoadAllAssembliesAndSetupDomain (301ms)
		LoadAssemblies (405ms)
		RebuildTransferFunctionScriptingTraits (0ms)
		AnalyzeDomain (19ms)
			TypeCache.Refresh (7ms)
				TypeCache.ScanAssembly (0ms)
			ScanForSourceGeneratedMonoScriptInfo (0ms)
			ResolveRequiredComponents (11ms)
	FinalizeReload (1496ms)
		ReleaseScriptCaches (0ms)
		RebuildScriptCaches (0ms)
		SetupLoadedEditorAssemblies (720ms)
			LogAssemblyErrors (0ms)
			InitializePlatformSupportModulesInManaged (17ms)
			SetLoadedEditorAssemblies (6ms)
			RefreshPlugins (0ms)
			BeforeProcessingInitializeOnLoad (105ms)
			ProcessInitializeOnLoadAttributes (523ms)
			ProcessInitializeOnLoadMethodAttributes (64ms)
			AfterProcessingInitializeOnLoad (5ms)
			EditorAssembliesLoaded (1ms)
		ExecutionOrderSort2 (0ms)
		AwakeInstancesAfterBackupRestoration (22ms)
Refreshing native plugins compatible for Editor in 5.39 ms, found 4 plugins.
Preloading 0 native plugins for Editor in 0.00 ms.
Unloading 4157 Unused Serialized files (Serialized files now loaded: 0)
Unloading 41 unused Assets / (37.8 KB). Loaded Objects now: 4705.
Memory consumption went from 162.1 MB to 162.1 MB.
Total: 5.810300 ms (FindLiveObjects: 0.490200 ms CreateObjectMapping: 0.423900 ms MarkObjects: 4.816600 ms  DeleteObjects: 0.077600 ms)

Prepare: number of updated asset objects reloaded= 0
AssetImportParameters requested are different than current active one (requested -> active):
  custom:container-demuxer-ogg: 62fdf1f143b41e24485cea50d1cbac27 -> 
  custom:video-decoder-ogg-theora: a1e56fd34408186e4bbccfd4996cb3dc -> 
  custom:framework-win-MediaFoundation: 216162199b28c13a410421893ffa2e32 -> 
  custom:CustomObjectIndexerAttribute: 756ad292c208cfabdd7b50bc23989ffe -> 
  custom:container-demuxer-webm: 4f35f7cbe854078d1ac9338744f61a02 -> 
  custom:container-muxer-webm: aa71ff27fc2769a1b78a27578f13a17b -> 
  custom:video-decoder-webm-vp8: 9c59270c3fd7afecdb556c50c9e8de78 -> 
  custom:SearchIndexIgnoredProperties: e643bd26f0fe6173181afceb89e7c659 -> 
  custom:AudioImporter_EditorPlatform: d09bf68614088b80899f8185d706f6e7 -> 
  custom:video-encoder-webm-vp8: eb34c28f22e8b96e1ab97ce403110664 -> 
  custom:audio-decoder-ogg-vorbis: bf7c407c2cedff20999df2af8eb42d56 -> 
  custom:audio-encoder-webm-vorbis: bf7c407c2cedff20999df2af8eb42d56 -> 
========================================================================
Received Import Request.
  Time since last request: 409.576135 seconds.
  path: Assets/1 Characters/1 Biker/Walk2.png
  artifactKey: Guid(14134bfe342e5f349aff33d1ec93d5c0) Importer(815301076,1909f56bfc062723c751e8b465ee728b)
Start importing Assets/1 Characters/1 Biker/Walk2.png using Guid(14134bfe342e5f349aff33d1ec93d5c0) Importer(815301076,1909f56bfc062723c751e8b465ee728b)  -> (artifact id: 'cd899b7b59420b854f6873565fed401e') in 0.088583 seconds
Number of updated asset objects reloaded before import = 0
Number of asset objects unloaded after import = 3
========================================================================
Received Import Request.
  Time since last request: 2.560638 seconds.
  path: Assets/1 Characters/1 Biker/Walk1.png
  artifactKey: Guid(6dd5e0e2b504f0241a48d83b55a33a8f) Importer(815301076,1909f56bfc062723c751e8b465ee728b)
Start importing Assets/1 Characters/1 Biker/Walk1.png using Guid(6dd5e0e2b504f0241a48d83b55a33a8f) Importer(815301076,1909f56bfc062723c751e8b465ee728b)  -> (artifact id: '90d097a4f426e1843b33ee11923ff479') in 0.029991 seconds
Number of updated asset objects reloaded before import = 0
Number of asset objects unloaded after import = 3
========================================================================
Received Import Request.
  Time since last request: 2.417772 seconds.
  path: Assets/1 Characters/1 Biker/Run1.png
  artifactKey: Guid(e03a390fac170bf4bab66268707362ae) Importer(815301076,1909f56bfc062723c751e8b465ee728b)
Start importing Assets/1 Characters/1 Biker/Run1.png using Guid(e03a390fac170bf4bab66268707362ae) Importer(815301076,1909f56bfc062723c751e8b465ee728b)  -> (artifact id: 'f0be224738ccfe88eb397f9093bf156f') in 0.035757 seconds
Number of updated asset objects reloaded before import = 0
Number of asset objects unloaded after import = 3
========================================================================
Received Import Request.
  Time since last request: 4.816954 seconds.
  path: Assets/1 Characters/1 Biker/Idle1.png
  artifactKey: Guid(e6b8e4505cb06fb4bbe31fc20ef2ff01) Importer(815301076,1909f56bfc062723c751e8b465ee728b)
Start importing Assets/1 Characters/1 Biker/Idle1.png using Guid(e6b8e4505cb06fb4bbe31fc20ef2ff01) Importer(815301076,1909f56bfc062723c751e8b465ee728b)  -> (artifact id: '556f6fd071f6909914922a8d34a0c51c') in 0.019944 seconds
Number of updated asset objects reloaded before import = 0
Number of asset objects unloaded after import = 3
========================================================================
Received Import Request.
  Time since last request: 290.779282 seconds.
  path: Assets/craftpix-net-965049-free-industrial-zone-tileset-pixel-art/4 Animated objects
  artifactKey: Guid(41781540bbfeba84790402ae36cab46a) Importer(815301076,1909f56bfc062723c751e8b465ee728b)
Start importing Assets/craftpix-net-965049-free-industrial-zone-tileset-pixel-art/4 Animated objects using Guid(41781540bbfeba84790402ae36cab46a) Importer(815301076,1909f56bfc062723c751e8b465ee728b)  -> (artifact id: '36103127f9317838602d0cab13dffff6') in 0.000678 seconds
Number of updated asset objects reloaded before import = 0
Number of asset objects unloaded after import = 0
========================================================================
Received Import Request.
  Time since last request: 5.209917 seconds.
  path: Assets/1 Characters/3 Cyborg/Idle1.png
  artifactKey: Guid(f6621345eae531b4f8eba82974029da0) Importer(815301076,1909f56bfc062723c751e8b465ee728b)
Start importing Assets/1 Characters/3 Cyborg/Idle1.png using Guid(f6621345eae531b4f8eba82974029da0) Importer(815301076,1909f56bfc062723c751e8b465ee728b)  -> (artifact id: '89e2fc5a9307bad331a6f947efa48efe') in 0.034452 seconds
Number of updated asset objects reloaded before import = 0
Number of asset objects unloaded after import = 3
========================================================================
Received Import Request.
  Time since last request: 40.005573 seconds.
  path: Assets/1 Characters/3 Cyborg/Idle1.png
  artifactKey: Guid(f6621345eae531b4f8eba82974029da0) Importer(815301076,1909f56bfc062723c751e8b465ee728b)
Start importing Assets/1 Characters/3 Cyborg/Idle1.png using Guid(f6621345eae531b4f8eba82974029da0) Importer(815301076,1909f56bfc062723c751e8b465ee728b)  -> (artifact id: 'fbca9379112dde4a49d39bdb99b59ee1') in 0.038602 seconds
Number of updated asset objects reloaded before import = 0
Number of asset objects unloaded after import = 3
========================================================================
Received Import Request.
  Time since last request: 9.127514 seconds.
  path: Assets/1 Characters/3 Cyborg/Idle1.png
  artifactKey: Guid(f6621345eae531b4f8eba82974029da0) Importer(815301076,1909f56bfc062723c751e8b465ee728b)
Start importing Assets/1 Characters/3 Cyborg/Idle1.png using Guid(f6621345eae531b4f8eba82974029da0) Importer(815301076,1909f56bfc062723c751e8b465ee728b)  -> (artifact id: '0c2228091983f2faa7a2d3f200bce4cc') in 0.009932 seconds
Number of updated asset objects reloaded before import = 0
Number of asset objects unloaded after import = 2
========================================================================
Received Import Request.
  Time since last request: 269.283940 seconds.
  path: Assets/1 Characters/3 Cyborg/Idle1.png
  artifactKey: Guid(f6621345eae531b4f8eba82974029da0) Importer(815301076,1909f56bfc062723c751e8b465ee728b)
Start importing Assets/1 Characters/3 Cyborg/Idle1.png using Guid(f6621345eae531b4f8eba82974029da0) Importer(815301076,1909f56bfc062723c751e8b465ee728b)  -> (artifact id: 'f4b942cba79e7e8bb2261bb8dc1080bf') in 0.039166 seconds
Number of updated asset objects reloaded before import = 0
Number of asset objects unloaded after import = 6
========================================================================
Received Import Request.
  Time since last request: 58.585075 seconds.
  path: Assets/1 Characters/3 Cyborg/Jump1.png
  artifactKey: Guid(bd7ef45dd69a62149bd1c518806fbe14) Importer(815301076,1909f56bfc062723c751e8b465ee728b)
Start importing Assets/1 Characters/3 Cyborg/Jump1.png using Guid(bd7ef45dd69a62149bd1c518806fbe14) Importer(815301076,1909f56bfc062723c751e8b465ee728b)  -> (artifact id: '4724251b4d1b29d12f6272e230514a95') in 0.009470 seconds
Number of updated asset objects reloaded before import = 0
Number of asset objects unloaded after import = 2
========================================================================
Received Import Request.
  Time since last request: 0.728073 seconds.
  path: Assets/1 Characters/3 Cyborg/Idle2.png
  artifactKey: Guid(7584c98d1c43b794099fa5e72ce2548f) Importer(815301076,1909f56bfc062723c751e8b465ee728b)
Start importing Assets/1 Characters/3 Cyborg/Idle2.png using Guid(7584c98d1c43b794099fa5e72ce2548f) Importer(815301076,1909f56bfc062723c751e8b465ee728b)  -> (artifact id: '0082e6328b7f145afc4e842c1181e33e') in 0.013817 seconds
Number of updated asset objects reloaded before import = 0
Number of asset objects unloaded after import = 2
========================================================================
Received Import Request.
  Time since last request: 31.413783 seconds.
  path: Assets/1 Characters/3 Cyborg/Idle2.png
  artifactKey: Guid(7584c98d1c43b794099fa5e72ce2548f) Importer(815301076,1909f56bfc062723c751e8b465ee728b)
Start importing Assets/1 Characters/3 Cyborg/Idle2.png using Guid(7584c98d1c43b794099fa5e72ce2548f) Importer(815301076,1909f56bfc062723c751e8b465ee728b)  -> (artifact id: 'd7190d63cd61aae6b3138497f22a2a85') in 0.029503 seconds
Number of updated asset objects reloaded before import = 0
Number of asset objects unloaded after import = 6
========================================================================
Received Import Request.
  Time since last request: 3.016308 seconds.
  path: Assets/1 Characters/3 Cyborg/Jump2.png
  artifactKey: Guid(e9a26389adfc11b4ba08545531cb0a11) Importer(815301076,1909f56bfc062723c751e8b465ee728b)
Start importing Assets/1 Characters/3 Cyborg/Jump2.png using Guid(e9a26389adfc11b4ba08545531cb0a11) Importer(815301076,1909f56bfc062723c751e8b465ee728b)  -> (artifact id: '39f90874fbc085e2455f5d5549d05000') in 0.023956 seconds
Number of updated asset objects reloaded before import = 0
Number of asset objects unloaded after import = 2
========================================================================
Received Import Request.
  Time since last request: 10.583565 seconds.
  path: Assets/1 Characters/3 Cyborg/Jump2.png
  artifactKey: Guid(e9a26389adfc11b4ba08545531cb0a11) Importer(815301076,1909f56bfc062723c751e8b465ee728b)
Start importing Assets/1 Characters/3 Cyborg/Jump2.png using Guid(e9a26389adfc11b4ba08545531cb0a11) Importer(815301076,1909f56bfc062723c751e8b465ee728b)  -> (artifact id: '80a0779d61d7e5e371ccb2f99017a28c') in 0.035862 seconds
Number of updated asset objects reloaded before import = 0
Number of asset objects unloaded after import = 7
========================================================================
Received Import Request.
  Time since last request: 112.596009 seconds.
  path: Assets/1 Characters/3 Cyborg/Jump2.png
  artifactKey: Guid(e9a26389adfc11b4ba08545531cb0a11) Importer(815301076,1909f56bfc062723c751e8b465ee728b)
Start importing Assets/1 Characters/3 Cyborg/Jump2.png using Guid(e9a26389adfc11b4ba08545531cb0a11) Importer(815301076,1909f56bfc062723c751e8b465ee728b)  -> (artifact id: 'c28a46a34f7cb4e223819d949afe177e') in 0.034865 seconds
Number of updated asset objects reloaded before import = 0
Number of asset objects unloaded after import = 7
========================================================================
Received Import Request.
  Time since last request: 17.050313 seconds.
  path: Assets/1 Characters/3 Cyborg/Jump2.png
  artifactKey: Guid(e9a26389adfc11b4ba08545531cb0a11) Importer(815301076,1909f56bfc062723c751e8b465ee728b)
Start importing Assets/1 Characters/3 Cyborg/Jump2.png using Guid(e9a26389adfc11b4ba08545531cb0a11) Importer(815301076,1909f56bfc062723c751e8b465ee728b)  -> (artifact id: 'bd07aab312e473553bdfc7c38d1b72db') in 0.052729 seconds
Number of updated asset objects reloaded before import = 0
Number of asset objects unloaded after import = 6
========================================================================
Received Import Request.
  Time since last request: 18.275349 seconds.
  path: Assets/Scenes/Game.unity
  artifactKey: Guid(8a06b506775d68a44934c11673c49118) Importer(815301076,1909f56bfc062723c751e8b465ee728b)
Start importing Assets/Scenes/Game.unity using Guid(8a06b506775d68a44934c11673c49118) Importer(815301076,1909f56bfc062723c751e8b465ee728b)  -> (artifact id: 'db5b8b3fa8afcc1149c7fa1847a22f8e') in 0.000856 seconds
Number of updated asset objects reloaded before import = 0
Number of asset objects unloaded after import = 0
========================================================================
Received Import Request.
  Time since last request: 751.157827 seconds.
  path: Assets/1 Characters/3 Cyborg/Idle2.png
  artifactKey: Guid(7584c98d1c43b794099fa5e72ce2548f) Importer(815301076,1909f56bfc062723c751e8b465ee728b)
Start importing Assets/1 Characters/3 Cyborg/Idle2.png using Guid(7584c98d1c43b794099fa5e72ce2548f) Importer(815301076,1909f56bfc062723c751e8b465ee728b)  -> (artifact id: '7eab9d151ab2a5b8ba66830e07d27aae') in 0.035193 seconds
Number of updated asset objects reloaded before import = 0
Number of asset objects unloaded after import = 6
========================================================================
Received Import Request.
  Time since last request: 11.034695 seconds.
  path: Assets/1 Characters/3 Cyborg/Run2.png
  artifactKey: Guid(ce3f03d29ab217f478d8410ea093ebac) Importer(815301076,1909f56bfc062723c751e8b465ee728b)
Start importing Assets/1 Characters/3 Cyborg/Run2.png using Guid(ce3f03d29ab217f478d8410ea093ebac) Importer(815301076,1909f56bfc062723c751e8b465ee728b)  -> (artifact id: 'ff0448aac88957e678540e342d162576') in 0.009893 seconds
Number of updated asset objects reloaded before import = 0
Number of asset objects unloaded after import = 2
========================================================================
Received Import Request.
  Time since last request: 134.585057 seconds.
  path: Assets/1 Characters/3 Cyborg/Run2.png
  artifactKey: Guid(ce3f03d29ab217f478d8410ea093ebac) Importer(815301076,1909f56bfc062723c751e8b465ee728b)
Start importing Assets/1 Characters/3 Cyborg/Run2.png using Guid(ce3f03d29ab217f478d8410ea093ebac) Importer(815301076,1909f56bfc062723c751e8b465ee728b)  -> (artifact id: 'b11f8eddea4dc655169bc1a1a8e8900f') in 0.063435 seconds
Number of updated asset objects reloaded before import = 0
Number of asset objects unloaded after import = 8
========================================================================
Received Import Request.
  Time since last request: 9.555939 seconds.
  path: Assets/1 Characters/3 Cyborg/Sitdown2.png
  artifactKey: Guid(372d4e8a4ffd34a4499282be24192392) Importer(815301076,1909f56bfc062723c751e8b465ee728b)
Start importing Assets/1 Characters/3 Cyborg/Sitdown2.png using Guid(372d4e8a4ffd34a4499282be24192392) Importer(815301076,1909f56bfc062723c751e8b465ee728b)  -> (artifact id: 'c32887276e5f4ed5980bf17aaa149b7b') in 0.017543 seconds
Number of updated asset objects reloaded before import = 0
Number of asset objects unloaded after import = 2
========================================================================
Received Import Request.
  Time since last request: 1.606158 seconds.
  path: Assets/1 Characters/3 Cyborg/Walk2.png
  artifactKey: Guid(53620158709954449a93909155804d3c) Importer(815301076,1909f56bfc062723c751e8b465ee728b)
Start importing Assets/1 Characters/3 Cyborg/Walk2.png using Guid(53620158709954449a93909155804d3c) Importer(815301076,1909f56bfc062723c751e8b465ee728b)  -> (artifact id: '33a7d7356cad37a9a8e37e63eb7126b2') in 0.009537 seconds
Number of updated asset objects reloaded before import = 0
Number of asset objects unloaded after import = 2
========================================================================
Received Import Request.
  Time since last request: 71.217137 seconds.
  path: Assets/1 Characters/3 Cyborg/Sitdown2.png
  artifactKey: Guid(372d4e8a4ffd34a4499282be24192392) Importer(815301076,1909f56bfc062723c751e8b465ee728b)
Start importing Assets/1 Characters/3 Cyborg/Sitdown2.png using Guid(372d4e8a4ffd34a4499282be24192392) Importer(815301076,1909f56bfc062723c751e8b465ee728b)  -> (artifact id: '9822d5d444cc0b91b09d570dfb6d0b98') in 0.055573 seconds
Number of updated asset objects reloaded before import = 0
Number of asset objects unloaded after import = 6
========================================================================
Received Import Request.
  Time since last request: 122.733601 seconds.
  path: Assets/1 Characters/3 Cyborg/Walk2.png
  artifactKey: Guid(53620158709954449a93909155804d3c) Importer(815301076,1909f56bfc062723c751e8b465ee728b)
Start importing Assets/1 Characters/3 Cyborg/Walk2.png using Guid(53620158709954449a93909155804d3c) Importer(815301076,1909f56bfc062723c751e8b465ee728b)  -> (artifact id: '687bde6f878abd136bce8ccf7ef0c286') in 0.057780 seconds
Number of updated asset objects reloaded before import = 0
Number of asset objects unloaded after import = 8
========================================================================
Received Import Request.
  Time since last request: 151.467913 seconds.
  path: Assets/3 Hands/3 Cyborg/10.png
  artifactKey: Guid(60ddca599932560489b69277610da6fe) Importer(815301076,1909f56bfc062723c751e8b465ee728b)
Start importing Assets/3 Hands/3 Cyborg/10.png using Guid(60ddca599932560489b69277610da6fe) Importer(815301076,1909f56bfc062723c751e8b465ee728b)  -> (artifact id: '15d9dbbece91cd15512faafc772828b7') in 0.029494 seconds
Number of updated asset objects reloaded before import = 0
Number of asset objects unloaded after import = 3
========================================================================
Received Import Request.
  Time since last request: 2.142422 seconds.
  path: Assets/3 Hands/3 Cyborg/9.png
  artifactKey: Guid(d0cddbb736ef48543beb61b25981d433) Importer(815301076,1909f56bfc062723c751e8b465ee728b)
Start importing Assets/3 Hands/3 Cyborg/9.png using Guid(d0cddbb736ef48543beb61b25981d433) Importer(815301076,1909f56bfc062723c751e8b465ee728b)  -> (artifact id: '5fd347b265bab22b10d663377f4eb85c') in 0.013243 seconds
Number of updated asset objects reloaded before import = 0
Number of asset objects unloaded after import = 3
========================================================================
Received Import Request.
  Time since last request: 0.590268 seconds.
  path: Assets/3 Hands/3 Cyborg/8.png
  artifactKey: Guid(e29efd4002f94204c9f2b91fab2091ae) Importer(815301076,1909f56bfc062723c751e8b465ee728b)
Start importing Assets/3 Hands/3 Cyborg/8.png using Guid(e29efd4002f94204c9f2b91fab2091ae) Importer(815301076,1909f56bfc062723c751e8b465ee728b)  -> (artifact id: '48f67a64d704315215d7438de00b3134') in 0.014359 seconds
Number of updated asset objects reloaded before import = 0
Number of asset objects unloaded after import = 3
========================================================================
Received Import Request.
  Time since last request: 0.496083 seconds.
  path: Assets/3 Hands/3 Cyborg/7.png
  artifactKey: Guid(eb2c9ba4afc8c734782ab0caa83730e0) Importer(815301076,1909f56bfc062723c751e8b465ee728b)
Start importing Assets/3 Hands/3 Cyborg/7.png using Guid(eb2c9ba4afc8c734782ab0caa83730e0) Importer(815301076,1909f56bfc062723c751e8b465ee728b)  -> (artifact id: 'd2f1617f9d17b6432d60583d2ce6ba13') in 0.012700 seconds
Number of updated asset objects reloaded before import = 0
Number of asset objects unloaded after import = 3
========================================================================
Received Import Request.
  Time since last request: 0.525479 seconds.
  path: Assets/3 Hands/3 Cyborg/6.png
  artifactKey: Guid(8683d6e14059bfd419ff2b7904c29a22) Importer(815301076,1909f56bfc062723c751e8b465ee728b)
Start importing Assets/3 Hands/3 Cyborg/6.png using Guid(8683d6e14059bfd419ff2b7904c29a22) Importer(815301076,1909f56bfc062723c751e8b465ee728b)  -> (artifact id: '6486b867073237938c57767f42dd906a') in 0.026525 seconds
Number of updated asset objects reloaded before import = 0
Number of asset objects unloaded after import = 3
========================================================================
Received Import Request.
  Time since last request: 0.956055 seconds.
  path: Assets/3 Hands/3 Cyborg/5.png
  artifactKey: Guid(0234668588c5558478cfe0195413fba1) Importer(815301076,1909f56bfc062723c751e8b465ee728b)
Start importing Assets/3 Hands/3 Cyborg/5.png using Guid(0234668588c5558478cfe0195413fba1) Importer(815301076,1909f56bfc062723c751e8b465ee728b)  -> (artifact id: 'fd6e86c172cc39686f44fba405a1c4ec') in 0.035429 seconds
Number of updated asset objects reloaded before import = 0
Number of asset objects unloaded after import = 3
========================================================================
Received Import Request.
  Time since last request: 0.332986 seconds.
  path: Assets/3 Hands/3 Cyborg/4.png
  artifactKey: Guid(469f40b9cace811469333b3b8dee95ef) Importer(815301076,1909f56bfc062723c751e8b465ee728b)
Start importing Assets/3 Hands/3 Cyborg/4.png using Guid(469f40b9cace811469333b3b8dee95ef) Importer(815301076,1909f56bfc062723c751e8b465ee728b)  -> (artifact id: '408cd8cddbb4c680e840ef7b2803f451') in 0.029355 seconds
Number of updated asset objects reloaded before import = 0
Number of asset objects unloaded after import = 3
========================================================================
Received Import Request.
  Time since last request: 0.314982 seconds.
  path: Assets/3 Hands/3 Cyborg/3.png
  artifactKey: Guid(792d06c9d0fed454287735c9b9bb2a60) Importer(815301076,1909f56bfc062723c751e8b465ee728b)
Start importing Assets/3 Hands/3 Cyborg/3.png using Guid(792d06c9d0fed454287735c9b9bb2a60) Importer(815301076,1909f56bfc062723c751e8b465ee728b)  -> (artifact id: '25378de8668af160f31bba3004098367') in 0.012172 seconds
Number of updated asset objects reloaded before import = 0
Number of asset objects unloaded after import = 3
========================================================================
Received Import Request.
  Time since last request: 0.487173 seconds.
  path: Assets/3 Hands/3 Cyborg/2.png
  artifactKey: Guid(e853febf40ca54f4a9f0b378c226b2c3) Importer(815301076,1909f56bfc062723c751e8b465ee728b)
Start importing Assets/3 Hands/3 Cyborg/2.png using Guid(e853febf40ca54f4a9f0b378c226b2c3) Importer(815301076,1909f56bfc062723c751e8b465ee728b)  -> (artifact id: '4268296c6944c87e2a3fcc1e25713c9f') in 0.012055 seconds
Number of updated asset objects reloaded before import = 0
Number of asset objects unloaded after import = 3
========================================================================
Received Import Request.
  Time since last request: 0.314327 seconds.
  path: Assets/3 Hands/3 Cyborg/1.png
  artifactKey: Guid(ed69e4e14aaaaa34d9d350b8d6c2bc34) Importer(815301076,1909f56bfc062723c751e8b465ee728b)
Start importing Assets/3 Hands/3 Cyborg/1.png using Guid(ed69e4e14aaaaa34d9d350b8d6c2bc34) Importer(815301076,1909f56bfc062723c751e8b465ee728b)  -> (artifact id: '792f5104f0b76eef819c975045b58087') in 0.020208 seconds
Number of updated asset objects reloaded before import = 0
Number of asset objects unloaded after import = 3
